This is pdfTeX, Version 3.14159265-2.6-1.40.17 (TeX Live 2016/Debian) (preloaded format=pdflatex 2017.4.5)  8 MAY 2017 11:28
entering extended mode
 restricted \write18 enabled.
 %&-line parsing enabled.
**ProjectPart3.tex
(./ProjectPart3.tex
LaTeX2e <2017/01/01> patch level 3
Babel <3.9r> and hyphenation patterns for 5 language(s) loaded.

! LaTeX Error: Environment table undefined.

See the LaTeX manual or LaTeX Companion for explanation.
Type  H <return>  for immediate help.
 ...                                              
                                                  
l.1 \begin{table}
                 
? 
! I can't find file `ProjectPart3.aux'.
\enddocument ...keatletter \@@input \jobname .aux 
                                                  \fi \@dofilelist \ifdim \f...
l.2 \end{document}
                  
(Press Enter to retry, or Control-D to exit)
Please type another input file name: 
! Emergency stop.
\enddocument ...keatletter \@@input \jobname .aux 
                                                  \fi \@dofilelist \ifdim \f...
l.2 \end{document}
                  
End of file on the terminal!

 
Here is how much of TeX's memory you used:
 6 strings out of 494902
 159 string characters out of 6179892
 45541 words of memory out of 5000000
 3408 multiletter control sequences out of 15000+600000
 3640 words of font info for 14 fonts, out of 8000000 for 9000
 36 hyphenation exceptions out of 8191
 9i,0n,4p,45b,20s stack positions out of 5000i,500n,10000p,200000b,80000s
!  ==> Fatal error occurred, no output PDF file produced!
